<?xml version="1.0" encoding="UTF-8"?>
<!-- Generated by org.testng.reporters.JUnitXMLReporter -->
<testsuite hostname="DESKTOP-1VQ11OL" ignored="0" name="Default test" tests="3" failures="0" timestamp="2022-10-16T16:14:28 CDT" time="57.762" errors="0">
  <testcase name="userShouldBeAbleToAddCategory" time="2.007" classname="test.AddCategoryTest"/>
  <testcase name="userShouldNotBeAbleToAddDuplicate" time="0.448" classname="test.AddCategoryTest"/>
  <testcase name="dropDownShouldHaveAllMonths" time="0.17" classname="test.AddCategoryTest"/>
</testsuite> <!-- Default test -->
