<?xml version="1.0" encoding="UTF-8"?>
<!-- Generated by org.testng.reporters.JUnitXMLReporter -->
<testsuite hostname="DESKTOP-1VQ11OL" ignored="0" name="Default test" tests="3" failures="0" timestamp="2022-10-15T19:08:09 CDT" time="62.47" errors="0">
  <testcase name="userShouldBeAbleToAddCategory" time="6.626" classname="test.AddCategoryTest"/>
  <testcase name="userShouldNotBeAbleToAddDuplicate" time="0.449" classname="test.AddCategoryTest"/>
  <testcase name="dropDownShouldHaveAllMonths" time="0.168" classname="test.AddCategoryTest"/>
</testsuite> <!-- Default test -->
